IP Upgrade report for WAV_PLAYER
Mon Aug 12 08:52:44 2019
Quartus Prime Version 17.1.0 Build 590 10/25/2017 SJ Standard Edition


---------------------
; Table of Contents ;
---------------------
  1. Legal Notice
  2. IP Upgrade Summary
  3. Successfully Upgraded IP Components
  4. IP Upgrade Messages



----------------
; Legal Notice ;
----------------
Copyright (C) 2017  Intel Corporation. All rights reserved.
Your use of Intel Corporation's design tools, logic functions 
and other software and tools, and its AMPP partner logic 
functions, and any output files from any of the foregoing 
(including device programming or simulation files), and any 
associated documentation or information are expressly subject 
to the terms and conditions of the Intel Program License 
Subscription Agreement, the Intel Quartus Prime License Agreement,
the Intel FPGA IP License Agreement, or other applicable license
agreement, including, without limitation, that your use is for
the sole purpose of programming logic devices manufactured by
Intel and sold by Intel or its authorized distributors.  Please
refer to the applicable agreement for further details.



+--------------------------------------------------------------------------------+
; IP Upgrade Summary                                                             ;
+------------------------------+-------------------------------------------------+
; IP Components Upgrade Status ; Passed - Mon Aug 12 08:52:44 2019               ;
; Quartus Prime Version        ; 17.1.0 Build 590 10/25/2017 SJ Standard Edition ;
; Revision Name                ; WAV_PLAYER                                      ;
; Top-level Entity Name        ; WAV_PLAYER                                      ;
; Family                       ; Cyclone IV E                                    ;
+------------------------------+-------------------------------------------------+


+------------------------------------------------------------------------------------------------------------------------------------+
; Successfully Upgraded IP Components                                                                                                ;
+-------------+----------------+---------+---------------------------+-------------------------+---------------------------+---------+
; Entity Name ; Component Name ; Version ; Original Source File      ; Generation File Path    ; New Source File           ; Message ;
+-------------+----------------+---------+---------------------------+-------------------------+---------------------------+---------+
; pll         ; ALTPLL         ; 16.1    ; rtl/PLL/pll.qip           ; rtl/PLL/pll.v           ; rtl/PLL/pll.qip           ;         ;
; SD_fifo     ; FIFO           ; 16.1    ; rtl/SDCard_ip/SD_fifo.qip ; rtl/SDCard_ip/SD_fifo.v ; rtl/SDCard_ip/SD_fifo.qip ;         ;
+-------------+----------------+---------+---------------------------+-------------------------+---------------------------+---------+


+---------------------+
; IP Upgrade Messages ;
+---------------------+
Info (11902): Backing up file "rtl/PLL/pll.v" to "rtl/PLL/pll.BAK.v"
Info (11837): Started upgrading IP component ALTPLL with file "rtl/PLL/pll.v"
Info (11902): Backing up file "rtl/SDCard_ip/SD_fifo.v" to "rtl/SDCard_ip/SD_fifo.BAK.v"
Info (11837): Started upgrading IP component FIFO with file "rtl/SDCard_ip/SD_fifo.v"
Info (11131): Completed upgrading IP component ALTPLL with file "rtl/PLL/pll.v"
Info (11131): Completed upgrading IP component FIFO with file "rtl/SDCard_ip/SD_fifo.v"
Info (23030): Evaluation of Tcl script d:/quartus_17.1/quartus/common/tcl/internal/ip_regen/ip_regen.tcl was successful
Info: Quartus Prime Shell was successful. 0 errors, 0 warnings
    Info: Peak virtual memory: 4884 megabytes
    Info: Processing ended: Mon Aug 12 08:52:44 2019
    Info: Elapsed time: 00:00:19
    Info: Total CPU time (on all processors): 00:00:32


